<?xml version="1.0" encoding="UTF-8"?>
<!-- Generated by org.testng.reporters.JUnitReportReporter -->
<testsuite hostname="DESKTOP-5ALAB87" failures="0" tests="1" name="initialSanityTest.HomeLogIn" time="3.251" errors="0" timestamp="22 Aug 2022 02:59:24 GMT" skipped="0">
  <testcase classname="initialSanityTest.HomeLogIn" name="errorLoginTest" time="3.251"/>
</testsuite> <!-- initialSanityTest.HomeLogIn -->
