<?xml version="1.0" encoding="UTF-8"?>
<!-- Generated by org.testng.reporters.JUnitReportReporter -->
<testsuite hostname="ShafiUddin" failures="0" tests="1" name="g5homePage.G5HomePage" time="2.394" errors="0" timestamp="17 Aug 2022 02:20:15 GMT" skipped="0">
  <testcase classname="g5homePage.G5HomePage" name="buildingTestMethod" time="2.394"/>
</testsuite> <!-- g5homePage.G5HomePage -->
