<?xml version="1.0" encoding="UTF-8"?>
<!-- Generated by org.testng.reporters.JUnitReportReporter -->
<testsuite hostname="DESKTOP-5ALAB87" failures="0" tests="1" name="initialSanityTest.G6Home" time="5.212" errors="0" timestamp="22 Aug 2022 02:46:32 GMT" skipped="0">
  <testcase classname="initialSanityTest.G6Home" name="errorLoginTest" time="5.212"/>
</testsuite> <!-- initialSanityTest.G6Home -->
