<?xml version="1.0" encoding="UTF-8"?>
<!-- Generated by org.testng.reporters.JUnitReportReporter -->
<testsuite hostname="DESKTOP-5ALAB87" failures="0" tests="1" name="g5homePage.G5HomePage" time="4.982" errors="0" timestamp="17 Aug 2022 16:12:56 GMT" skipped="0">
  <testcase classname="g5homePage.G5HomePage" name="buildingTestMethod" time="4.982"/>
</testsuite> <!-- g5homePage.G5HomePage -->
